07/05/2015 19:01:01: In CleaningService::CleaningService()
07/05/2015 19:01:01: CleaningService init
07/05/2015 19:01:01: In CleaningService::createAutoCleaningTeam()
07/05/2015 19:01:01: In AutoClean::AutoClean()
07/05/2015 19:01:01: AutoCleaningTeam init
07/05/2015 19:01:01: In CleaningService::createAutoCleaningTeam()
07/05/2015 19:01:01: In CleaningService::createAutoCleaningTeam() - created 3 inside cleaning teams
07/05/2015 19:01:01: In CleaningService::cleaning()
07/05/2015 19:01:01: In CleaningService::cleaning() - car 222 wants to enter
07/05/2015 19:01:01: In CleaningService::cleaning() - car 222 is in queue
07/05/2015 19:01:01: In CleaningService::run()
07/05/2015 19:01:01: In CleaningService::run() - started running as a seperate thread
07/05/2015 19:01:01: In CleaningService::startServiceThreads()
07/05/2015 19:01:01: In CleaningService::startServiceThreads() - starting auto clean thread
07/05/2015 19:01:01: In CleaningService()::startServiceThreads() - creating thread for inside team: 1
07/05/2015 19:01:01: In CleaningService()::startServiceThreads() - created thread for inside team: 1
07/05/2015 19:01:01: In CleaningService()::startServiceThreads() - creating thread for inside team: 2
07/05/2015 19:01:01: In CleaningService()::startServiceThreads() - created thread for inside team: 2
07/05/2015 19:01:01: In CleaningService()::startServiceThreads() - creating thread for inside team: 3
07/05/2015 19:01:01: In CleaningService()::startServiceThreads() - created thread for inside team: 3
07/05/2015 19:01:01: In CleaningService::getNextCar() - car 222 is ready to be served
07/05/2015 19:01:01: In CleaningService::run() - sending car 222 to auto cleaning
07/05/2015 19:01:01: In AutoClean::run()
07/05/2015 19:01:01: AutoCleaningTeam - started execution as a seperate thread
07/05/2015 19:01:01: AutoCleaningTeam - car 222 Arrived
07/05/2015 19:01:01: In AutoClean::serveCar()
07/05/2015 19:01:01: In AutoClean::serveCar() - Auto clean car 222
07/05/2015 19:01:01: In CleaningService::cleaning()
07/05/2015 19:01:01: In CleaningService::cleaning() - car 111 wants to enter
07/05/2015 19:01:01: In CleaningService::cleaning() - car 111 is in queue
07/05/2015 19:01:01: In CleaningService::getNextCar() - car 111 is ready to be served
07/05/2015 19:01:01: In CleaningService::run() - sending car 111 to auto cleaning queue
07/05/2015 19:01:01: In CleaningService::cleaning()
07/05/2015 19:01:01: In CleaningService::cleaning() - car 444 wants to enter
07/05/2015 19:01:01: In CleaningService::getNextCar() - car 444 is ready to be served
07/05/2015 19:01:01: In CleaningService::run() - sending car 444 to auto cleaning queue
07/05/2015 19:01:01: In CleaningService::cleaning() - car 444 is in queue
07/05/2015 19:01:03: In AutoClean::serveCar() - Auto clean car 222 finished
07/05/2015 19:01:03: In CleaningService::autoCleanIsDone()
07/05/2015 19:01:03: In CleaningService::autoCleanIsDone() - car 222 finished the auto clean
07/05/2015 19:01:03: In CleaningService::run() - car 222 is added to inside cleaning queue
07/05/2015 19:01:03: In CleaningService::run() - sending car 111 to auto cleaning
07/05/2015 19:01:03: AutoCleaningTeam - car 111 Arrived
07/05/2015 19:01:03: In AutoClean::serveCar()
07/05/2015 19:01:03: In AutoClean::serveCar() - Auto clean car 111
07/05/2015 19:01:04: In CleaningService::closeCleaningService()
07/05/2015 19:01:05: In AutoClean::serveCar() - Auto clean car 111 finished
07/05/2015 19:01:05: In CleaningService::autoCleanIsDone()
07/05/2015 19:01:05: In CleaningService::autoCleanIsDone() - car 111 finished the auto clean
07/05/2015 19:01:05: In CleaningService::run() - car 111 is added to inside cleaning queue
07/05/2015 19:01:05: In CleaningService::run() - sending car 444 to auto cleaning
07/05/2015 19:01:05: AutoCleaningTeam - car 444 Arrived
07/05/2015 19:01:05: In AutoClean::serveCar()
07/05/2015 19:01:05: In AutoClean::serveCar() - Auto clean car 444
07/05/2015 19:01:07: In AutoClean::serveCar() - Auto clean car 444 finished
07/05/2015 19:01:07: In CleaningService::autoCleanIsDone()
07/05/2015 19:01:07: In CleaningService::autoCleanIsDone() - car 444 finished the auto clean
07/05/2015 19:01:07: In CleaningService::run() - car 444 is added to inside cleaning queue
07/05/2015 19:01:11: In CleaningService::stopServiceThreads()
07/05/2015 19:01:11: AutoCleaningTeam - finished execution as a seperate thread
07/05/2015 19:01:11: In CleaningService::stopServiceThreads() - service threads finished
07/05/2015 19:01:11: In CleaningService::run() - Cleaning service is now closed
