07/05/2015 19:01:01: In Pump::Pump()
07/05/2015 19:01:01: Pump init (id=1)
07/05/2015 19:01:01: In Pump::refuel()
07/05/2015 19:01:01: In Pump::refuel - car 333 wants to enter
07/05/2015 19:01:01: In Pump::refuel - car 333 is in queue
07/05/2015 19:01:01: In Pump::run()
07/05/2015 19:01:01: In Pump::refuel()
07/05/2015 19:01:01: In Pump::refuel - car 444 wants to enter
07/05/2015 19:01:01: In Pump::refuel - car 444 is in queue
07/05/2015 19:01:01: In Pump::run() - pump number: 1 started running as a seperate thread
07/05/2015 19:01:01: In Pump::getNextCar() - car 333 is ready to be served
07/05/2015 19:01:01: In Pump::run() - serving car 333
07/05/2015 19:01:01: In Pump::serveCar()
07/05/2015 19:01:01: In Pump::serveCar() - car 333 is being served
07/05/2015 19:01:01: In Pump::serveCar() - car needs 42 litres
07/05/2015 19:01:01: In Pump::serveCar() - car  333 is fueling for 390 ms
07/05/2015 19:01:01: In Pump::serveCar() - car  333 is fueled
07/05/2015 19:01:01: In Pump::getNextCar() - car 444 is ready to be served
07/05/2015 19:01:01: In Pump::run() - serving car 444
07/05/2015 19:01:01: In Pump::serveCar()
07/05/2015 19:01:01: In Pump::serveCar() - car 444 is being served
07/05/2015 19:01:01: In Pump::serveCar() - car needs 35 litres
07/05/2015 19:01:01: In Pump::serveCar() - car  444 is fueling for 207 ms
07/05/2015 19:01:01: In Pump::serveCar() - car  444 is fueled
07/05/2015 19:01:04: In Pump::closePump()
07/05/2015 19:01:04: In Pump::run() - pump number: 1 is now closed
